Base path: C:/Unity45_5/Editor/Data
Pipe name: \\.\pipe\UnityShaderCompiler-3-215992
Cmd: getPlatforms
Cmd: compileSnippet
  api=9 type=1 insize=1398 outsize=7 kw= ok=1
Cmd: compileSnippet
  api=5 type=0 insize=1891 outsize=991 kw=EL_0_ON EL_1_OFF ok=1
Cmd: compileSnippet
  api=9 type=1 insize=1891 outsize=7 kw=EL_0_ON EL_1_ON ok=1
Cmd: compileSnippet
  api=9 type=1 insize=1891 outsize=7 kw=EL_0_OFF EL_1_ON ok=1
Cmd: compileSnippet
  api=9 type=0 insize=1605 outsize=845 kw=EL_0_ON ok=1
Cmd: compileSnippet
  api=9 type=1 insize=1605 outsize=7 kw=EL_0_OFF ok=1
Cmd: compileSnippet
  api=9 type=0 insize=1618 outsize=727 kw=EL_0_OFF ok=1
Cmd: compileSnippet
  api=9 type=1 insize=1618 outsize=7 kw=EL_0_OFF ok=1
Cmd: compileSnippet
  api=9 type=0 insize=2161 outsize=1615 kw=EL_0_ON ok=1
Cmd: compileSnippet
  api=9 type=1 insize=2161 outsize=7 kw=EL_0_OFF ok=1
Cmd: compileSnippet
  api=0 type=0 insize=1398 outsize=365 kw= ok=1
Cmd: compileSnippet
  api=0 type=0 insize=1891 outsize=365 kw=EL_0_OFF EL_1_OFF ok=1
Cmd: compileSnippet
  api=0 type=1 insize=1605 outsize=189 kw=EL_0_OFF ok=1
Cmd: compileSnippet
  api=0 type=0 insize=2161 outsize=365 kw=EL_0_OFF ok=1
Unhandled exception: Readfile from pipe failed. GLE=The pipe has been ended.


Quitting shader compiler process
